<?xml version="1.0" encoding="UTF-8"?>
<!-- Generated by org.testng.reporters.JUnitReportReporter -->
<testsuite hostname="LAPTOP-MM7B6990" failures="0" tests="1" name="pom.confirmationalert.testcases.TC0012" time="14.177" errors="0" timestamp="2024-02-22T08:47:11 IST" skipped="0">
  <testcase classname="pom.confirmationalert.testcases.TC0012" name="confirmationAlert" time="14.177"/>
</testsuite> <!-- pom.confirmationalert.testcases.TC0012 -->
