<?xml version="1.0" encoding="UTF-8"?>
<!-- Generated by org.testng.reporters.JUnitReportReporter -->
<testsuite hostname="LAPTOP-MM7B6990" failures="0" tests="1" name="pom.irctc.testcases.TC002" time="35.769" errors="0" timestamp="2024-02-22T08:42:04 IST" skipped="0">
  <testcase classname="pom.irctc.testcases.TC002" name="bookYourCoach" time="35.769"/>
</testsuite> <!-- pom.irctc.testcases.TC002 -->
