<?xml version="1.0" encoding="UTF-8"?>
<!-- Generated by org.testng.reporters.JUnitReportReporter -->
<testsuite hostname="LAPTOP-MM7B6990" failures="0" tests="1" name="pom.formc.register.testcases.TC006" time="27.660" errors="0" timestamp="2024-02-22T08:43:28 IST" skipped="0">
  <testcase classname="pom.formc.register.testcases.TC006" name="indianFrroFormC" time="27.660"/>
</testsuite> <!-- pom.formc.register.testcases.TC006 -->
