<?xml version="1.0" encoding="UTF-8"?>
<!-- Generated by org.testng.reporters.JUnitReportReporter -->
<testsuite hostname="LAPTOP-MM7B6990" failures="0" tests="1" name="pom.simplealert.testcases.TC0010" time="13.504" errors="0" timestamp="2024-02-22T08:45:40 IST" skipped="0">
  <testcase classname="pom.simplealert.testcases.TC0010" name="simpleAlert" time="13.504"/>
</testsuite> <!-- pom.simplealert.testcases.TC0010 -->
