<?xml version="1.0" encoding="UTF-8"?>
<!-- Generated by org.testng.reporters.JUnitReportReporter -->
<testsuite hostname="LAPTOP-MM7B6990" failures="0" tests="1" name="pom.facebook.testcases.TC007" time="5.729" errors="0" timestamp="2024-02-22T08:44:00 IST" skipped="0">
  <testcase classname="pom.facebook.testcases.TC007" name="facebookNewAccount" time="5.729"/>
</testsuite> <!-- pom.facebook.testcases.TC007 -->
