<?xml version="1.0" encoding="UTF-8"?>
<!-- Generated by org.testng.reporters.JUnitReportReporter -->
<testsuite hostname="LAPTOP-MM7B6990" failures="0" tests="1" name="pom.irctc.testcases.TC003" time="37.948" errors="0" timestamp="2024-02-22T08:37:18 IST" skipped="0">
  <testcase classname="pom.irctc.testcases.TC003" name="saloonMandatoryCheck" time="37.948"/>
</testsuite> <!-- pom.irctc.testcases.TC003 -->
