<?xml version="1.0" encoding="UTF-8"?>
<!-- Generated by org.testng.reporters.JUnitReportReporter -->
<testsuite hostname="LAPTOP-MM7B6990" failures="0" tests="1" name="pom.phptravels.testcases.TC008" time="11.120" errors="0" timestamp="2024-02-22T08:44:32 IST" skipped="0">
  <testcase classname="pom.phptravels.testcases.TC008" name="phpTravelsRegistration" time="11.120"/>
</testsuite> <!-- pom.phptravels.testcases.TC008 -->
