<?xml version="1.0" encoding="UTF-8"?>
<!-- Generated by org.testng.reporters.JUnitReportReporter -->
<testsuite hostname="LAPTOP-MM7B6990" failures="0" tests="1" name="pom.irctc.testcases.TC001" time="0.637" errors="1" timestamp="2024-02-29T08:04:19 IST" skipped="0">
  <testcase classname="pom.irctc.testcases.TC001" name="irctcRegistration" time="0.637">
    <error message="
[public void pom.irctc.testcases.TC001.irctcRegistration(java.lang.String,java.lang.String,java.lang.String,java.lang.String,java.lang.String,java.lang.String,java.lang.String,java.lang.String,java.lang.String,java.lang.String,java.lang.String,java.lang.String,java.lang.String,java.lang.String,java.lang.String,java.lang.String,java.lang.String,java.lang.String,java.lang.String,java.lang.String,java.lang.String,java.lang.String,java.lang.String,java.lang.String,java.lang.String,java.lang.String,java.lang.String,java.lang.String,java.lang.String)] has no parameters defined but was found to be using a data provider (either explicitly specified or inherited from class level annotation).
Data provider mismatch
Method: irctcRegistration([java.lang.String arg0, java.lang.String arg1, java.lang.String arg2, java.lang.String arg3, java.lang.String arg4, java.lang.String arg5, java.lang.String arg6, java.lang.String arg7, java.lang.String arg8, java.lang.String arg9, java.lang.String arg10, java.lang.String arg11, java.lang.String arg12, java.lang.String arg13, java.lang.String arg14, java.lang.String arg15, java.lang.String arg16, java.lang.String arg17, java.lang.String arg18, java.lang.String arg19, java.lang.String arg20, java.lang.String arg21, java.lang.String arg22, java.lang.String arg23, java.lang.String arg24, java.lang.String arg25, java.lang.String arg26, java.lang.String arg27, java.lang.String arg28])
Arguments: [(java.lang.String) Uma1234,(java.lang.String) Nani@123,(java.lang.String) Nani@123,(java.lang.String) English,(java.lang.String) What is your pet name?,(java.lang.String) jersey,(java.lang.String) Uma,(java.lang.String) Mahesh,(java.lang.String) Gatram,(java.lang.String) PROFESSIONAL,(java.lang.String) 2000,(java.lang.String) May,(java.lang.String) India,(java.lang.String) nn5631519@gmail.com,(java.lang.String) 9010049308,(java.lang.String) India,(java.lang.String) 130,(java.lang.String) Ilavaram,(java.lang.String) Kanagala,(java.lang.String) 522259,(java.lang.String) AndhraPradesh,(java.lang.String) GUNTUR,(java.lang.String) Ilavaram B.O,(java.lang.String) 9346383002,(java.lang.String) 130,(java.lang.String) Ilavaram,(java.lang.String) Kanagala,(java.lang.String) 522259,(java.lang.String) Andhrapradesh,(java.lang.String) GUNTUR,(java.lang.String) Ilavaram B.O,(java.lang.String) 9765432076]" type="org.testng.internal.reflect.MethodMatcherException">
      <![CDATA[org.testng.internal.reflect.MethodMatcherException: 
[public void pom.irctc.testcases.TC001.irctcRegistration(java.lang.String,java.lang.String,java.lang.String,java.lang.String,java.lang.String,java.lang.String,java.lang.String,java.lang.String,java.lang.String,java.lang.String,java.lang.String,java.lang.String,java.lang.String,java.lang.String,java.lang.String,java.lang.String,java.lang.String,java.lang.String,java.lang.String,java.lang.String,java.lang.String,java.lang.String,java.lang.String,java.lang.String,java.lang.String,java.lang.String,java.lang.String,java.lang.String,java.lang.String)] has no parameters defined but was found to be using a data provider (either explicitly specified or inherited from class level annotation).
Data provider mismatch
Method: irctcRegistration([java.lang.String arg0, java.lang.String arg1, java.lang.String arg2, java.lang.String arg3, java.lang.String arg4, java.lang.String arg5, java.lang.String arg6, java.lang.String arg7, java.lang.String arg8, java.lang.String arg9, java.lang.String arg10, java.lang.String arg11, java.lang.String arg12, java.lang.String arg13, java.lang.String arg14, java.lang.String arg15, java.lang.String arg16, java.lang.String arg17, java.lang.String arg18, java.lang.String arg19, java.lang.String arg20, java.lang.String arg21, java.lang.String arg22, java.lang.String arg23, java.lang.String arg24, java.lang.String arg25, java.lang.String arg26, java.lang.String arg27, java.lang.String arg28])
Arguments: [(java.lang.String) Uma1234,(java.lang.String) Nani@123,(java.lang.String) Nani@123,(java.lang.String) English,(java.lang.String) What is your pet name?,(java.lang.String) jersey,(java.lang.String) Uma,(java.lang.String) Mahesh,(java.lang.String) Gatram,(java.lang.String) PROFESSIONAL,(java.lang.String) 2000,(java.lang.String) May,(java.lang.String) India,(java.lang.String) nn5631519@gmail.com,(java.lang.String) 9010049308,(java.lang.String) India,(java.lang.String) 130,(java.lang.String) Ilavaram,(java.lang.String) Kanagala,(java.lang.String) 522259,(java.lang.String) AndhraPradesh,(java.lang.String) GUNTUR,(java.lang.String) Ilavaram B.O,(java.lang.String) 9346383002,(java.lang.String) 130,(java.lang.String) Ilavaram,(java.lang.String) Kanagala,(java.lang.String) 522259,(java.lang.String) Andhrapradesh,(java.lang.String) GUNTUR,(java.lang.String) Ilavaram B.O,(java.lang.String) 9765432076]
at org.testng.internal.reflect.DataProviderMethodMatcher.getConformingArguments(DataProviderMethodMatcher.java:46)
at org.testng.internal.Parameters.injectParameters(Parameters.java:909)
at org.testng.internal.invokers.MethodRunner.runInSequence(MethodRunner.java:37)
at org.testng.internal.invokers.TestInvoker$MethodInvocationAgent.invoke(TestInvoker.java:957)
at org.testng.internal.invokers.TestInvoker.invokeTestMethods(TestInvoker.java:200)
at org.testng.internal.invokers.TestMethodWorker.invokeTestMethods(TestMethodWorker.java:148)
at org.testng.internal.invokers.TestMethodWorker.run(TestMethodWorker.java:128)
at java.base/java.util.ArrayList.forEach(ArrayList.java:1511)
at org.testng.TestRunner.privateRun(TestRunner.java:848)
at org.testng.TestRunner.run(TestRunner.java:621)
at org.testng.SuiteRunner.runTest(SuiteRunner.java:443)
at org.testng.SuiteRunner.runSequentially(SuiteRunner.java:437)
at org.testng.SuiteRunner.privateRun(SuiteRunner.java:397)
at org.testng.SuiteRunner.run(SuiteRunner.java:336)
at org.testng.SuiteRunnerWorker.runSuite(SuiteRunnerWorker.java:52)
at org.testng.SuiteRunnerWorker.run(SuiteRunnerWorker.java:95)
at org.testng.TestNG.runSuitesSequentially(TestNG.java:1280)
at org.testng.TestNG.runSuitesLocally(TestNG.java:1200)
at org.testng.TestNG.runSuites(TestNG.java:1114)
at org.testng.TestNG.run(TestNG.java:1082)
at org.testng.remote.AbstractRemoteTestNG.run(AbstractRemoteTestNG.java:115)
at org.testng.remote.RemoteTestNG.initAndRun(RemoteTestNG.java:251)
at org.testng.remote.RemoteTestNG.main(RemoteTestNG.java:77)
]]>
    </error>
  </testcase> <!-- irctcRegistration -->
</testsuite> <!-- pom.irctc.testcases.TC001 -->
