<?xml version="1.0" encoding="UTF-8"?>
<!-- Generated by org.testng.reporters.JUnitReportReporter -->
<testsuite hostname="LAPTOP-MM7B6990" failures="0" tests="1" name="pom.ssc.register.testcases.TC009" time="10.552" errors="0" timestamp="2024-02-22T08:44:56 IST" skipped="0">
  <testcase classname="pom.ssc.register.testcases.TC009" name="sscRegistration" time="10.552"/>
</testsuite> <!-- pom.ssc.register.testcases.TC009 -->
