<?xml version="1.0" encoding="UTF-8"?>
<!-- Generated by org.testng.reporters.JUnitReportReporter -->
<testsuite hostname="LAPTOP-MM7B6990" failures="0" tests="1" name="pom.promptalert.testcases.TC0011" time="32.205" errors="0" timestamp="2024-02-22T08:46:32 IST" skipped="0">
  <testcase classname="pom.promptalert.testcases.TC0011" name="promptAlert" time="32.205"/>
</testsuite> <!-- pom.promptalert.testcases.TC0011 -->
